0 info it worked if it ends with ok
1 verbose cli [ '/usr/local/Cellar/node/6.9.1/bin/node',
1 verbose cli   '/usr/local/bin/npm',
1 verbose cli   'install',
1 verbose cli   'npm-overlapping-marker-spiderfier',
1 verbose cli   '@agm/js-marker-spider',
1 verbose cli   '--save' ]
2 info using npm@3.10.8
3 info using node@v6.9.1
4 silly loadCurrentTree Starting
5 silly install loadCurrentTree
6 silly install readLocalPackageData
7 silly fetchPackageMetaData npm-overlapping-marker-spiderfier
8 silly fetchPackageMetaData @agm/js-marker-spider
9 silly fetchNamedPackageData npm-overlapping-marker-spiderfier
10 silly mapToRegistry name npm-overlapping-marker-spiderfier
11 silly mapToRegistry using default registry
12 silly mapToRegistry registry https://registry.npmjs.org/
13 silly mapToRegistry data Result {
13 silly mapToRegistry   raw: 'npm-overlapping-marker-spiderfier',
13 silly mapToRegistry   scope: null,
13 silly mapToRegistry   escapedName: 'npm-overlapping-marker-spiderfier',
13 silly mapToRegistry   name: 'npm-overlapping-marker-spiderfier',
13 silly mapToRegistry   rawSpec: '',
13 silly mapToRegistry   spec: 'latest',
13 silly mapToRegistry   type: 'tag' }
14 silly mapToRegistry uri https://registry.npmjs.org/npm-overlapping-marker-spiderfier
15 silly fetchNamedPackageData @agm/js-marker-spider
16 silly mapToRegistry name @agm/js-marker-spider
17 silly mapToRegistry scope (from package name) @agm
18 verbose mapToRegistry no registry URL found in name for scope @agm
19 silly mapToRegistry using default registry
20 silly mapToRegistry registry https://registry.npmjs.org/
21 silly mapToRegistry data Result {
21 silly mapToRegistry   raw: '@agm/js-marker-spider',
21 silly mapToRegistry   scope: '@agm',
21 silly mapToRegistry   escapedName: '@agm%2fjs-marker-spider',
21 silly mapToRegistry   name: '@agm/js-marker-spider',
21 silly mapToRegistry   rawSpec: '',
21 silly mapToRegistry   spec: 'latest',
21 silly mapToRegistry   type: 'tag' }
22 silly mapToRegistry uri https://registry.npmjs.org/@agm%2fjs-marker-spider
23 verbose request uri https://registry.npmjs.org/npm-overlapping-marker-spiderfier
24 verbose request no auth needed
25 info attempt registry request try #1 at 5:08:04 PM
26 verbose request id 1ce93184fdbf6393
27 http request GET https://registry.npmjs.org/npm-overlapping-marker-spiderfier
28 verbose request uri https://registry.npmjs.org/@agm%2fjs-marker-spider
29 verbose request no auth needed
30 info attempt registry request try #1 at 5:08:04 PM
31 http request GET https://registry.npmjs.org/@agm%2fjs-marker-spider
32 http 200 https://registry.npmjs.org/npm-overlapping-marker-spiderfier
33 verbose headers { 'content-type': 'application/json; charset=UTF-8',
33 verbose headers   server: 'UploadServer',
33 verbose headers   'cache-control': 'max-age=300',
33 verbose headers   'last-modified': 'Wed, 24 Jan 2018 12:02:29 GMT',
33 verbose headers   etag: '"5a6875d5-a5c"',
33 verbose headers   'x-npm-region': 'EU-West',
33 verbose headers   'content-encoding': 'gzip',
33 verbose headers   'content-length': '943',
33 verbose headers   'accept-ranges': 'bytes',
33 verbose headers   date: 'Sun, 04 Mar 2018 17:08:04 GMT',
33 verbose headers   via: '1.1 varnish',
33 verbose headers   age: '0',
33 verbose headers   connection: 'keep-alive',
33 verbose headers   'x-served-by': 'cache-lhr6329-LHR',
33 verbose headers   'x-cache': 'MISS',
33 verbose headers   'x-cache-hits': '0',
33 verbose headers   'x-timer': 'S1520183284.407033,VS0,VE384',
33 verbose headers   vary: 'Accept-Encoding, Accept' }
34 silly get cb [ 200,
34 silly get   { 'content-type': 'application/json; charset=UTF-8',
34 silly get     server: 'UploadServer',
34 silly get     'cache-control': 'max-age=300',
34 silly get     'last-modified': 'Wed, 24 Jan 2018 12:02:29 GMT',
34 silly get     etag: '"5a6875d5-a5c"',
34 silly get     'x-npm-region': 'EU-West',
34 silly get     'content-encoding': 'gzip',
34 silly get     'content-length': '943',
34 silly get     'accept-ranges': 'bytes',
34 silly get     date: 'Sun, 04 Mar 2018 17:08:04 GMT',
34 silly get     via: '1.1 varnish',
34 silly get     age: '0',
34 silly get     connection: 'keep-alive',
34 silly get     'x-served-by': 'cache-lhr6329-LHR',
34 silly get     'x-cache': 'MISS',
34 silly get     'x-cache-hits': '0',
34 silly get     'x-timer': 'S1520183284.407033,VS0,VE384',
34 silly get     vary: 'Accept-Encoding, Accept' } ]
35 verbose get saving npm-overlapping-marker-spiderfier to /Users/jono/.npm/registry.npmjs.org/npm-overlapping-marker-spiderfier/.cache.json
36 verbose correctMkdir /Users/jono/.npm correctMkdir not in flight; initializing
37 http 404 https://registry.npmjs.org/@agm%2fjs-marker-spider
38 verbose headers { 'content-type': 'application/json',
38 verbose headers   'cache-control': 'max-age=0',
38 verbose headers   'content-length': '21',
38 verbose headers   'accept-ranges': 'bytes',
38 verbose headers   date: 'Sun, 04 Mar 2018 17:08:05 GMT',
38 verbose headers   via: '1.1 varnish',
38 verbose headers   age: '0',
38 verbose headers   connection: 'keep-alive',
38 verbose headers   'x-served-by': 'cache-lhr6326-LHR',
38 verbose headers   'x-cache': 'MISS',
38 verbose headers   'x-cache-hits': '0',
38 verbose headers   'x-timer': 'S1520183284.406239,VS0,VE706' }
39 silly get cb [ 404,
39 silly get   { 'content-type': 'application/json',
39 silly get     'cache-control': 'max-age=0',
39 silly get     'content-length': '21',
39 silly get     'accept-ranges': 'bytes',
39 silly get     date: 'Sun, 04 Mar 2018 17:08:05 GMT',
39 silly get     via: '1.1 varnish',
39 silly get     age: '0',
39 silly get     connection: 'keep-alive',
39 silly get     'x-served-by': 'cache-lhr6326-LHR',
39 silly get     'x-cache': 'MISS',
39 silly get     'x-cache-hits': '0',
39 silly get     'x-timer': 'S1520183284.406239,VS0,VE706' } ]
40 silly fetchPackageMetaData Error: Not found : @agm/js-marker-spider
40 silly fetchPackageMetaData     at makeError (/usr/local/lib/node_modules/npm/node_modules/npm-registry-client/lib/request.js:302:12)
40 silly fetchPackageMetaData     at CachingRegistryClient.<anonymous> (/usr/local/lib/node_modules/npm/node_modules/npm-registry-client/lib/request.js:290:14)
40 silly fetchPackageMetaData     at Request._callback (/usr/local/lib/node_modules/npm/node_modules/npm-registry-client/lib/request.js:210:14)
40 silly fetchPackageMetaData     at Request.self.callback (/usr/local/lib/node_modules/npm/node_modules/request/request.js:187:22)
40 silly fetchPackageMetaData     at emitTwo (events.js:106:13)
40 silly fetchPackageMetaData     at Request.emit (events.js:191:7)
40 silly fetchPackageMetaData     at Request.<anonymous> (/usr/local/lib/node_modules/npm/node_modules/request/request.js:1044:10)
40 silly fetchPackageMetaData     at emitOne (events.js:96:13)
40 silly fetchPackageMetaData     at Request.emit (events.js:188:7)
40 silly fetchPackageMetaData     at IncomingMessage.<anonymous> (/usr/local/lib/node_modules/npm/node_modules/request/request.js:965:12)
40 silly fetchPackageMetaData  error for @agm/js-marker-spider { Error: Not found : @agm/js-marker-spider
40 silly fetchPackageMetaData     at makeError (/usr/local/lib/node_modules/npm/node_modules/npm-registry-client/lib/request.js:302:12)
40 silly fetchPackageMetaData     at CachingRegistryClient.<anonymous> (/usr/local/lib/node_modules/npm/node_modules/npm-registry-client/lib/request.js:290:14)
40 silly fetchPackageMetaData     at Request._callback (/usr/local/lib/node_modules/npm/node_modules/npm-registry-client/lib/request.js:210:14)
40 silly fetchPackageMetaData     at Request.self.callback (/usr/local/lib/node_modules/npm/node_modules/request/request.js:187:22)
40 silly fetchPackageMetaData     at emitTwo (events.js:106:13)
40 silly fetchPackageMetaData     at Request.emit (events.js:191:7)
40 silly fetchPackageMetaData     at Request.<anonymous> (/usr/local/lib/node_modules/npm/node_modules/request/request.js:1044:10)
40 silly fetchPackageMetaData     at emitOne (events.js:96:13)
40 silly fetchPackageMetaData     at Request.emit (events.js:188:7)
40 silly fetchPackageMetaData     at IncomingMessage.<anonymous> (/usr/local/lib/node_modules/npm/node_modules/request/request.js:965:12) pkgid: '@agm/js-marker-spider', statusCode: 404, code: 'E404' }
41 silly rollbackFailedOptional Starting
42 silly rollbackFailedOptional Finishing
43 silly runTopLevelLifecycles Finishing
44 silly install printInstalled
45 verbose stack Error: Not found : @agm/js-marker-spider
45 verbose stack     at makeError (/usr/local/lib/node_modules/npm/node_modules/npm-registry-client/lib/request.js:302:12)
45 verbose stack     at CachingRegistryClient.<anonymous> (/usr/local/lib/node_modules/npm/node_modules/npm-registry-client/lib/request.js:290:14)
45 verbose stack     at Request._callback (/usr/local/lib/node_modules/npm/node_modules/npm-registry-client/lib/request.js:210:14)
45 verbose stack     at Request.self.callback (/usr/local/lib/node_modules/npm/node_modules/request/request.js:187:22)
45 verbose stack     at emitTwo (events.js:106:13)
45 verbose stack     at Request.emit (events.js:191:7)
45 verbose stack     at Request.<anonymous> (/usr/local/lib/node_modules/npm/node_modules/request/request.js:1044:10)
45 verbose stack     at emitOne (events.js:96:13)
45 verbose stack     at Request.emit (events.js:188:7)
45 verbose stack     at IncomingMessage.<anonymous> (/usr/local/lib/node_modules/npm/node_modules/request/request.js:965:12)
46 verbose statusCode 404
47 verbose pkgid @agm/js-marker-spider
48 verbose cwd /Users/jono/src/github.com/hackneyplaybus/playbusadmin/app/angular
49 error Darwin 15.6.0
50 error argv "/usr/local/Cellar/node/6.9.1/bin/node" "/usr/local/bin/npm" "install" "npm-overlapping-marker-spiderfier" "@agm/js-marker-spider" "--save"
51 error node v6.9.1
52 error npm  v3.10.8
53 error code E404
54 error 404 Not found : @agm/js-marker-spider
55 error 404
56 error 404 '@agm/js-marker-spider' is not in the npm registry.
57 error 404 You should bug the author to publish it (or use the name yourself!)
58 error 404 Note that you can also install from a
59 error 404 tarball, folder, http url, or git url.
60 verbose exit [ 1, true ]
